<?xml version="1.0" encoding="UTF-8"?>
<!-- Generated by org.testng.reporters.JUnitReportReporter -->
<testsuite hostname="IBM-PF3DEZ5G" failures="0" tests="5" name="com.qa.testrunners.TestRunner" time="71.200" errors="0" timestamp="2022-04-27T09:53:31 SGT" skipped="0">
  <testcase classname="com.qa.testrunners.TestRunner" name="runScenario" time="12.984"/>
  <system-out/>
  <testcase classname="com.qa.testrunners.TestRunner" name="runScenario" time="15.515"/>
  <system-out/>
  <testcase classname="com.qa.testrunners.TestRunner" name="runScenario" time="13.954"/>
  <system-out/>
  <testcase classname="com.qa.testrunners.TestRunner" name="runScenario" time="14.098"/>
  <system-out/>
  <testcase classname="com.qa.testrunners.TestRunner" name="runScenario" time="14.649"/>
  <system-out/>
</testsuite> <!-- com.qa.testrunners.TestRunner -->
